0 info it worked if it ends with ok
1 verbose cli [ '/usr/bin/node',
1 verbose cli   '/usr/bin/npm',
1 verbose cli   'start',
1 verbose cli   '--',
1 verbose cli   'config/config.json' ]
2 info using npm@3.5.2
3 info using node@v8.10.0
4 verbose run-script [ 'prestart', 'start', 'poststart' ]
5 info lifecycle myfirstparseserverapp@1.0.0~prestart: myfirstparseserverapp@1.0.0
6 silly lifecycle myfirstparseserverapp@1.0.0~prestart: no script for prestart, continuing
7 info lifecycle myfirstparseserverapp@1.0.0~start: myfirstparseserverapp@1.0.0
8 verbose lifecycle myfirstparseserverapp@1.0.0~start: unsafe-perm in lifecycle true
9 verbose lifecycle myfirstparseserverapp@1.0.0~start: PATH: /usr/share/npm/bin/node-gyp-bin:/home/nineleaps/myFirstParseServerApp/app/node_modules/.bin:/home/nineleaps/go/bin:/usr/local/go/bin:/home/nineleaps/spark-3.0.0-bin-hadoop3.2/bin:~/anaconda/bin:/home/nineleaps/go/bin:/usr/local/go/bin:/home/nineleaps/.local/share/umake/bin:/home/nineleaps/.local/bin:/usr/local/sbin:/usr/local/bin:/usr/sbin:/usr/bin:/sbin:/bin:/usr/games:/usr/local/games:/snap/bin:/home/nineleaps/Desktop/hadoop-2.7.3/bin://home/nineleaps/Desktop/apache-hive-2.1.0-bin/bin:/home/nineleaps/sqoop-1.4.7/bin
10 verbose lifecycle myfirstparseserverapp@1.0.0~start: CWD: /home/nineleaps/myFirstParseServerApp/app
11 silly lifecycle myfirstparseserverapp@1.0.0~start: Args: [ '-c',
11 silly lifecycle   'node ./node_modules/.bin/parse-server "config/config.json"' ]
12 silly lifecycle myfirstparseserverapp@1.0.0~start: Returned: code: 1  signal: null
13 info lifecycle myfirstparseserverapp@1.0.0~start: Failed to exec start script
14 verbose stack Error: myfirstparseserverapp@1.0.0 start: `node ./node_modules/.bin/parse-server "config/config.json"`
14 verbose stack Exit status 1
14 verbose stack     at EventEmitter.<anonymous> (/usr/share/npm/lib/utils/lifecycle.js:232:16)
14 verbose stack     at emitTwo (events.js:126:13)
14 verbose stack     at EventEmitter.emit (events.js:214:7)
14 verbose stack     at ChildProcess.<anonymous> (/usr/share/npm/lib/utils/spawn.js:24:14)
14 verbose stack     at emitTwo (events.js:126:13)
14 verbose stack     at ChildProcess.emit (events.js:214:7)
14 verbose stack     at maybeClose (internal/child_process.js:925:16)
14 verbose stack     at Process.ChildProcess._handle.onexit (internal/child_process.js:209:5)
15 verbose pkgid myfirstparseserverapp@1.0.0
16 verbose cwd /home/nineleaps/myFirstParseServerApp/app
17 error Linux 4.15.0-112-generic
18 error argv "/usr/bin/node" "/usr/bin/npm" "start" "--" "config/config.json"
19 error node v8.10.0
20 error npm  v3.5.2
21 error code ELIFECYCLE
22 error myfirstparseserverapp@1.0.0 start: `node ./node_modules/.bin/parse-server "config/config.json"`
22 error Exit status 1
23 error Failed at the myfirstparseserverapp@1.0.0 start script 'node ./node_modules/.bin/parse-server "config/config.json"'.
23 error Make sure you have the latest version of node.js and npm installed.
23 error If you do, this is most likely a problem with the myfirstparseserverapp package,
23 error not with npm itself.
23 error Tell the author that this fails on your system:
23 error     node ./node_modules/.bin/parse-server "config/config.json"
23 error You can get information on how to open an issue for this project with:
23 error     npm bugs myfirstparseserverapp
23 error Or if that isn't available, you can get their info via:
23 error     npm owner ls myfirstparseserverapp
23 error There is likely additional logging output above.
24 verbose exit [ 1, true ]
